<?xml version="1.0" encoding="UTF-8"?>
<testsuite name="Add Customer Test"
           tests="4"
           failures="0"
           errors="0"
           skipped="0"
           time="1.267">
  <properties />
  
  
            <testcase name="addCustomerTest" time="0.231" classname="com.w2a.testcases.AddCustomerTest" />
                <testcase name="addCustomerTest" time="0.249" classname="com.w2a.testcases.AddCustomerTest" />
                <testcase name="addCustomerTest" time="0.269" classname="com.w2a.testcases.AddCustomerTest" />
                <testcase name="addCustomerTest" time="0.518" classname="com.w2a.testcases.AddCustomerTest" />
      
</testsuite>
